# JRE version: OpenJDK Runtime Environment (8.0_242-b01) (build 1.8.0_242-release-1644-b01)
# Java VM: OpenJDK 64-Bit Server VM (25.242-b01 mixed mode windows-amd64 compressed oops)
Heap:
 PSYoungGen      total 650240K, used 345546K [0x00000000d5580000, 0x00000000ffd00000, 0x0000000100000000)
  eden space 603136K, 53% used [0x00000000d5580000,0x00000000e93304b0,0x00000000fa280000)
  from space 47104K, 42% used [0x00000000fa280000,0x00000000fb6424c8,0x00000000fd080000)
  to   space 45056K, 0% used [0x00000000fd100000,0x00000000fd100000,0x00000000ffd00000)
 ParOldGen       total 472576K, used 257252K [0x0000000080000000, 0x000000009cd80000, 0x00000000d5580000)
  object space 472576K, 54% used [0x0000000080000000,0x000000008fb39090,0x000000009cd80000)
 Metaspace       used 99849K, capacity 105112K, committed 105368K, reserved 1140736K
  class space    used 13040K, capacity 13991K, committed 14000K, reserved 1048576K
GC Heap History (10 events):
Event: 1506.603 GC heap before
{Heap before GC invocations=41 (full 6):
 PSYoungGen      total 641024K, used 612755K [0x00000000d5580000, 0x00000000ffc00000, 0x0000000100000000)
  eden space 589312K, 100% used [0x00000000d5580000,0x00000000f9500000,0x00000000f9500000)
  from space 51712K, 45% used [0x00000000fc980000,0x00000000fe064c18,0x00000000ffc00000)
  to   space 52736K, 0% used [0x00000000f9500000,0x00000000f9500000,0x00000000fc880000)
 ParOldGen       total 472576K, used 215345K [0x0000000080000000, 0x000000009cd80000, 0x00000000d5580000)
  object space 472576K, 45% used [0x0000000080000000,0x000000008d24c490,0x000000009cd80000)
 Metaspace       used 99795K, capacity 105040K, committed 105112K, reserved 1140736K
  class space    used 13040K, capacity 13991K, committed 14000K, reserved 1048576K
Event: 1506.621 GC heap after
Heap after GC invocations=41 (full 6):
 PSYoungGen      total 642048K, used 17890K [0x00000000d5580000, 0x00000000ffd00000, 0x0000000100000000)
  eden space 589312K, 0% used [0x00000000d5580000,0x00000000d5580000,0x00000000f9500000)
  from space 52736K, 33% used [0x00000000f9500000,0x00000000fa678aa8,0x00000000fc880000)
  to   space 50688K, 0% used [0x00000000fcb80000,0x00000000fcb80000,0x00000000ffd00000)
 ParOldGen       total 472576K, used 228218K [0x0000000080000000, 0x000000009cd80000, 0x00000000d5580000)
  object space 472576K, 48% used [0x0000000080000000,0x000000008dedea90,0x000000009cd80000)
 Metaspace       used 99795K, capacity 105040K, committed 105112K, reserved 1140736K
  class space    used 13040K, capacity 13991K, committed 14000K, reserved 1048576K
}
Event: 1507.225 GC heap before
{Heap before GC invocations=42 (full 6):
 PSYoungGen      total 642048K, used 607202K [0x00000000d5580000, 0x00000000ffd00000, 0x0000000100000000)
  eden space 589312K, 100% used [0x00000000d5580000,0x00000000f9500000,0x00000000f9500000)
  from space 52736K, 33% used [0x00000000f9500000,0x00000000fa678aa8,0x00000000fc880000)
  to   space 50688K, 0% used [0x00000000fcb80000,0x00000000fcb80000,0x00000000ffd00000)
 ParOldGen       total 472576K, used 228218K [0x0000000080000000, 0x000000009cd80000, 0x00000000d5580000)
  object space 472576K, 48% used [0x0000000080000000,0x000000008dedea90,0x000000009cd80000)
 Metaspace       used 99808K, capacity 105040K, committed 105112K, reserved 1140736K
  class space    used 13040K, capacity 13991K, committed 14000K, reserved 1048576K
Event: 1507.251 GC heap after
Heap after GC invocations=42 (full 6):
 PSYoungGen      total 642048K, used 21132K [0x00000000d5580000, 0x00000000ff900000, 0x0000000100000000)
  eden space 595456K, 0% used [0x00000000d5580000,0x00000000d5580000,0x00000000f9b00000)
  from space 46592K, 45% used [0x00000000fcb80000,0x00000000fe0233f8,0x00000000ff900000)
  to   space 48128K, 0% used [0x00000000f9b00000,0x00000000f9b00000,0x00000000fca00000)
 ParOldGen       total 472576K, used 235846K [0x0000000080000000, 0x000000009cd80000, 0x00000000d5580000)
  object space 472576K, 49% used [0x0000000080000000,0x000000008e651898,0x000000009cd80000)
 Metaspace       used 99808K, capacity 105040K, committed 105112K, reserved 1140736K
  class space    used 13040K, capacity 13991K, committed 14000K, reserved 1048576K
}
Event: 1507.994 GC heap before
{Heap before GC invocations=43 (full 6):
 PSYoungGen      total 642048K, used 616588K [0x00000000d5580000, 0x00000000ff900000, 0x0000000100000000)
  eden space 595456K, 100% used [0x00000000d5580000,0x00000000f9b00000,0x00000000f9b00000)
  from space 46592K, 45% used [0x00000000fcb80000,0x00000000fe0233f8,0x00000000ff900000)
  to   space 48128K, 0% used [0x00000000f9b00000,0x00000000f9b00000,0x00000000fca00000)
 ParOldGen       total 472576K, used 235846K [0x0000000080000000, 0x000000009cd80000, 0x00000000d5580000)
  object space 472576K, 49% used [0x0000000080000000,0x000000008e651898,0x000000009cd80000)
 Metaspace       used 99828K, capacity 105048K, committed 105112K, reserved 1140736K
  class space    used 13040K, capacity 13991K, committed 14000K, reserved 1048576K
Event: 1508.014 GC heap after
Heap after GC invocations=43 (full 6):
 PSYoungGen      total 643584K, used 15866K [0x00000000d5580000, 0x00000000ffd80000, 0x0000000100000000)
  eden space 595456K, 0% used [0x00000000d5580000,0x00000000d5580000,0x00000000f9b00000)
  from space 48128K, 32% used [0x00000000f9b00000,0x00000000faa7ebc0,0x00000000fca00000)
  to   space 46080K, 0% used [0x00000000fd080000,0x00000000fd080000,0x00000000ffd80000)
 ParOldGen       total 472576K, used 243152K [0x0000000080000000, 0x000000009cd80000, 0x00000000d5580000)
  object space 472576K, 51% used [0x0000000080000000,0x000000008ed74220,0x000000009cd80000)
 Metaspace       used 99828K, capacity 105048K, committed 105112K, reserved 1140736K
  class space    used 13040K, capacity 13991K, committed 14000K, reserved 1048576K
}
Event: 1508.633 GC heap before
{Heap before GC invocations=44 (full 6):
 PSYoungGen      total 643584K, used 611322K [0x00000000d5580000, 0x00000000ffd80000, 0x0000000100000000)
  eden space 595456K, 100% used [0x00000000d5580000,0x00000000f9b00000,0x00000000f9b00000)
  from space 48128K, 32% used [0x00000000f9b00000,0x00000000faa7ebc0,0x00000000fca00000)
  to   space 46080K, 0% used [0x00000000fd080000,0x00000000fd080000,0x00000000ffd80000)
 ParOldGen       total 472576K, used 243152K [0x0000000080000000, 0x000000009cd80000, 0x00000000d5580000)
  object space 472576K, 51% used [0x0000000080000000,0x000000008ed74220,0x000000009cd80000)
 Metaspace       used 99840K, capacity 105048K, committed 105112K, reserved 1140736K
  class space    used 13040K, capacity 13991K, committed 14000K, reserved 1048576K
Event: 1508.662 GC heap after
Heap after GC invocations=44 (full 6):
 PSYoungGen      total 649216K, used 30657K [0x00000000d5580000, 0x0000000100000000, 0x0000000100000000)
  eden space 603136K, 0% used [0x00000000d5580000,0x00000000d5580000,0x00000000fa280000)
  from space 46080K, 66% used [0x00000000fd080000,0x00000000fee70460,0x00000000ffd80000)
  to   space 47104K, 0% used [0x00000000fa280000,0x00000000fa280000,0x00000000fd080000)
 ParOldGen       total 472576K, used 246055K [0x0000000080000000, 0x000000009cd80000, 0x00000000d5580000)
  object space 472576K, 52% used [0x0000000080000000,0x000000008f049cd8,0x000000009cd80000)
 Metaspace       used 99840K, capacity 105048K, committed 105112K, reserved 1140736K
  class space    used 13040K, capacity 13991K, committed 14000K, reserved 1048576K
}
Event: 1509.252 GC heap before
{Heap before GC invocations=45 (full 6):
 PSYoungGen      total 649216K, used 633793K [0x00000000d5580000, 0x0000000100000000, 0x0000000100000000)
  eden space 603136K, 100% used [0x00000000d5580000,0x00000000fa280000,0x00000000fa280000)
  from space 46080K, 66% used [0x00000000fd080000,0x00000000fee70460,0x00000000ffd80000)
  to   space 47104K, 0% used [0x00000000fa280000,0x00000000fa280000,0x00000000fd080000)
 ParOldGen       total 472576K, used 246055K [0x0000000080000000, 0x000000009cd80000, 0x00000000d5580000)
  object space 472576K, 52% used [0x0000000080000000,0x000000008f049cd8,0x000000009cd80000)
 Metaspace       used 99844K, capacity 105112K, committed 105368K, reserved 1140736K
  class space    used 13040K, capacity 13991K, committed 14000K, reserved 1048576K
Event: 1509.276 GC heap after
Heap after GC invocations=45 (full 6):
 PSYoungGen      total 650240K, used 20233K [0x00000000d5580000, 0x00000000ffd00000, 0x0000000100000000)
  eden space 603136K, 0% used [0x00000000d5580000,0x00000000d5580000,0x00000000fa280000)
  from space 47104K, 42% used [0x00000000fa280000,0x00000000fb6424c8,0x00000000fd080000)
  to   space 45056K, 0% used [0x00000000fd100000,0x00000000fd100000,0x00000000ffd00000)
 ParOldGen       total 472576K, used 257252K [0x0000000080000000, 0x000000009cd80000, 0x00000000d5580000)
  object space 472576K, 54% used [0x0000000080000000,0x000000008fb39090,0x000000009cd80000)
 Metaspace       used 99844K, capacity 105112K, committed 105368K, reserved 1140736K
  class space    used 13040K, capacity 13991K, committed 14000K, reserved 1048576K
}

